0 info it worked if it ends with ok
1 verbose cli [
1 verbose cli   '/home/taryn/.nvm/versions/node/v18.18.0/bin/node',
1 verbose cli   '/home/taryn/.nvm/versions/node/v18.18.0/bin/npm',
1 verbose cli   'start'
1 verbose cli ]
2 info using npm@3.10.10
3 info using node@v18.18.0
4 verbose run-script [ 'prestart', 'start', 'poststart' ]
5 info lifecycle backend@1.0.0~prestart: backend@1.0.0
6 silly lifecycle backend@1.0.0~prestart: no script for prestart, continuing
7 info lifecycle backend@1.0.0~start: backend@1.0.0
8 verbose lifecycle backend@1.0.0~start: unsafe-perm in lifecycle true
9 verbose lifecycle backend@1.0.0~start: PATH: /home/taryn/.nvm/versions/node/v18.18.0/lib/node_modules/npm/bin/node-gyp-bin:/home/taryn/Documents/GitHub/KalenaMarket/backend/node_modules/.bin:/home/taryn/.meteor:/home/taryn/.nvm/versions/node/v18.18.0/bin:/home/taryn/.meteor:/usr/local/sbin:/usr/local/bin:/usr/sbin:/usr/bin:/sbin:/bin:/usr/games:/usr/local/games:/snap/bin:/snap/bin
10 verbose lifecycle backend@1.0.0~start: CWD: /home/taryn/Documents/GitHub/KalenaMarket/backend
11 silly lifecycle backend@1.0.0~start: Args: [ '-c', 'node Main' ]
12 silly lifecycle backend@1.0.0~start: Returned: code: 1  signal: null
13 info lifecycle backend@1.0.0~start: Failed to exec start script
14 verbose stack Error: backend@1.0.0 start: `node Main`
14 verbose stack Exit status 1
14 verbose stack     at EventEmitter.<anonymous> (/home/taryn/.nvm/versions/node/v18.18.0/lib/node_modules/npm/lib/utils/lifecycle.js:255:16)
14 verbose stack     at EventEmitter.emit (node:events:517:28)
14 verbose stack     at ChildProcess.<anonymous> (/home/taryn/.nvm/versions/node/v18.18.0/lib/node_modules/npm/lib/utils/spawn.js:40:14)
14 verbose stack     at ChildProcess.emit (node:events:517:28)
14 verbose stack     at maybeClose (node:internal/child_process:1098:16)
14 verbose stack     at ChildProcess._handle.onexit (node:internal/child_process:303:5)
15 verbose pkgid backend@1.0.0
16 verbose cwd /home/taryn/Documents/GitHub/KalenaMarket/backend
17 error Linux 6.2.0-33-generic
18 error argv "/home/taryn/.nvm/versions/node/v18.18.0/bin/node" "/home/taryn/.nvm/versions/node/v18.18.0/bin/npm" "start"
19 error node v18.18.0
20 error npm  v3.10.10
21 error code ELIFECYCLE
22 error backend@1.0.0 start: `node Main`
22 error Exit status 1
23 error Failed at the backend@1.0.0 start script 'node Main'.
23 error Make sure you have the latest version of node.js and npm installed.
23 error If you do, this is most likely a problem with the backend package,
23 error not with npm itself.
23 error Tell the author that this fails on your system:
23 error     node Main
23 error You can get information on how to open an issue for this project with:
23 error     npm bugs backend
23 error Or if that isn't available, you can get their info via:
23 error     npm owner ls backend
23 error There is likely additional logging output above.
24 verbose exit [ 1, true ]
